<?xml version="1.0" encoding="UTF-8"?>
<!-- Generated by org.testng.reporters.JUnitReportReporter -->
<testsuite skipped="0" hostname="Venturedive" name="one.AutOne" tests="2" failures="0" timestamp="04 Jan 2018 09:27:53 GMT" time="1.692" errors="0">
  <testcase name="Form" time="1.678" classname="one.AutOne"/>
  <testcase name="URL" time="0.014" classname="one.AutOne"/>
</testsuite> <!-- one.AutOne -->
